INFO:root:Iniciando conexao com smtp.gmail.com:587
INFO:root:Logging feito
INFO:root:Email montado para enviar para pedro.a.silva.2022.1@gmail.com
INFO:root:O email para pedro.a.silva.2022.1@gmail.com foi enviado.
INFO:root:Iniciando conexao com smtp.gmail.com:587
INFO:root:Logging feito
INFO:root:Email montado para enviar para matheusaj@al.insper.edu.br
INFO:root:O email para matheusaj@al.insper.edu.br foi enviado.
INFO:root:Iniciando conexao com smtp.gmail.com:587
INFO:root:Logging feito
INFO:root:Email montado para enviar para juliakp1@al.insper.edu.br
INFO:root:O email para juliakp1@al.insper.edu.br foi enviado.
INFO:root:Iniciando conexao com smtp.gmail.com:587
INFO:root:Logging feito
INFO:root:Email montado para enviar para gustavolp1@al.insper.edu.br
INFO:root:O email para gustavolp1@al.insper.edu.br foi enviado.
INFO:root:Iniciando conexao com smtp.gmail.com:587
INFO:root:Logging feito
INFO:root:Email montado para enviar para marcelorb5@al.insper.edu.br
INFO:root:O email para marcelorb5@al.insper.edu.br foi enviado.
INFO:root:Iniciando conexao com smtp.gmail.com:587
INFO:root:Logging feito
INFO:root:Email montado para enviar para esdrasgc@al.insper.edu.br
INFO:root:O email para esdrasgc@al.insper.edu.br foi enviado.
INFO:root:Iniciando conexao com smtp.gmail.com:587
INFO:root:Logging feito
INFO:root:Email montado para enviar para eduardosmb@gmail.com
INFO:root:O email para eduardosmb@gmail.com foi enviado.
INFO:root:Iniciando conexao com smtp.gmail.com:587
INFO:root:Logging feito
INFO:root:Email montado para enviar para luccahiratsuca@gmail.com
INFO:root:O email para luccahiratsuca@gmail.com foi enviado.
INFO:root:Iniciando conexao com smtp.gmail.com:587
INFO:root:Logging feito
INFO:root:Email montado para enviar para alanm2@al.insper.edu.br
INFO:root:O email para alanm2@al.insper.edu.br foi enviado.
INFO:root:Iniciando conexao com smtp.gmail.com:587
INFO:root:Logging feito
INFO:root:Email montado para enviar para liviat1@al.insper.edu.br
INFO:root:O email para liviat1@al.insper.edu.br foi enviado.
INFO:root:Iniciando conexao com smtp.gmail.com:587
INFO:root:Logging feito
INFO:root:Email montado para enviar para joaolmbc@al.insper.edu.br
INFO:root:O email para joaolmbc@al.insper.edu.br foi enviado.
INFO:root:Iniciando conexao com smtp.gmail.com:587
INFO:root:Logging feito
INFO:root:Email montado para enviar para thomasccs@al.insper.edu.br
INFO:root:O email para thomasccs@al.insper.edu.br foi enviado.
INFO:root:Iniciando conexao com smtp.gmail.com:587
INFO:root:Logging feito
INFO:root:Email montado para enviar para fernandovs4@al.insper.edu.br
INFO:root:O email para fernandovs4@al.insper.edu.br foi enviado.
INFO:root:Iniciando conexao com smtp.gmail.com:587
INFO:root:Logging feito
INFO:root:Email montado para enviar para marcelovfm@al.insper.edu.br
INFO:root:O email para marcelovfm@al.insper.edu.br foi enviado.
INFO:root:Iniciando conexao com smtp.gmail.com:587
INFO:root:Logging feito
INFO:root:Email montado para enviar para alemagno03@gmail.com
INFO:root:O email para alemagno03@gmail.com foi enviado.
INFO:root:Iniciando conexao com smtp.gmail.com:587
INFO:root:Logging feito
INFO:root:Email montado para enviar para tomasa@al.insper.edu.br
INFO:root:O email para tomasa@al.insper.edu.br foi enviado.
INFO:root:Iniciando conexao com smtp.gmail.com:587
INFO:root:Logging feito
INFO:root:Email montado para enviar para Alexandrew1@al.insper.edu.br
INFO:root:O email para Alexandrew1@al.insper.edu.br foi enviado.
INFO:root:Iniciando conexao com smtp.gmail.com:587
INFO:root:Logging feito
INFO:root:Email montado para enviar para eriklso@al.insper.edu.br
INFO:root:O email para eriklso@al.insper.edu.br foi enviado.
INFO:root:Iniciando conexao com smtp.gmail.com:587
INFO:root:Logging feito
INFO:root:Email montado para enviar para leonardos15@al.insper.edu.br
INFO:root:O email para leonardos15@al.insper.edu.br foi enviado.
INFO:root:Iniciando conexao com smtp.gmail.com:587
INFO:root:Logging feito
INFO:root:Email montado para enviar para gustavoa9@al.insper.edu.br
INFO:root:O email para gustavoa9@al.insper.edu.br foi enviado.
INFO:root:Iniciando conexao com smtp.gmail.com:587
INFO:root:Logging feito
INFO:root:Email montado para enviar para eduardov1@al.insper.edu.br
INFO:root:O email para eduardov1@al.insper.edu.br foi enviado.
INFO:root:Iniciando conexao com smtp.gmail.com:587
INFO:root:Logging feito
INFO:root:Email montado para enviar para pedrovazpertusi@gmail.com
INFO:root:O email para pedrovazpertusi@gmail.com foi enviado.
INFO:root:Iniciando conexao com smtp.gmail.com:587
INFO:root:Logging feito
INFO:root:Email montado para enviar para joaoacl@al.insper.edu.br
INFO:root:O email para joaoacl@al.insper.edu.br foi enviado.
INFO:root:Iniciando conexao com smtp.gmail.com:587
INFO:root:Logging feito
INFO:root:Email montado para enviar para felipemcd1@al.insper.edu.br
INFO:root:O email para felipemcd1@al.insper.edu.br foi enviado.
INFO:root:Iniciando conexao com smtp.gmail.com:587
INFO:root:Logging feito
INFO:root:Email montado para enviar para sergioerj@al.insper.edu.br
INFO:root:O email para sergioerj@al.insper.edu.br foi enviado.
INFO:root:Iniciando conexao com smtp.gmail.com:587
INFO:root:Logging feito
INFO:root:Email montado para enviar para enzo@al.insper.edu.br
INFO:root:O email para enzo@al.insper.edu.br foi enviado.
